<?xml version="1.0" encoding="UTF-8"?>
<coverage generated="1581072536555" clover="3.2.0">
  <project timestamp="1581072536555" name="All files">
    <metrics statements="11" coveredstatements="8" conditionals="4" coveredconditionals="1" methods="10" coveredmethods="4" elements="25" coveredelements="13" complexity="0" loc="11" ncloc="11" packages="1" files="1" classes="1"/>
    <file name="logic.js" path="/home/ahmad/Ahmad-Salah-ToDo/skeleton/logic.js">
      <metrics statements="11" coveredstatements="8" conditionals="4" coveredconditionals="1" methods="10" coveredmethods="4"/>
      <line num="5" count="1" type="stmt"/>
      <line num="9" count="1" type="stmt"/>
      <line num="12" count="0" type="stmt"/>
      <line num="15" count="1" type="stmt"/>
      <line num="21" count="1" type="stmt"/>
      <line num="22" count="1" type="stmt"/>
      <line num="31" count="1" type="stmt"/>
      <line num="37" count="0" type="stmt"/>
      <line num="45" count="0" type="stmt"/>
      <line num="65" count="1" type="cond" truecount="1" falsecount="1"/>
      <line num="66" count="1" type="stmt"/>
    </file>
  </project>
</coverage>
