{"/home/ahmad/Ahmad-Salah-ToDo/skeleton/logic.js": {"path":"/home/ahmad/Ahmad-Salah-ToDo/skeleton/logic.js","statementMap":{"0":{"start":{"line":5,"column":20},"end":{"line":58,"column":1}},"1":{"start":{"line":9,"column":20},"end":{"line":9,"column":21}},"2":{"start":{"line":12,"column":6},"end":{"line":12,"column":30}},"3":{"start":{"line":15,"column":4},"end":{"line":15,"column":28}},"4":{"start":{"line":21,"column":4},"end":{"line":23,"column":7}},"5":{"start":{"line":22,"column":6},"end":{"line":22,"column":46}},"6":{"start":{"line":31,"column":4},"end":{"line":31,"column":59}},"7":{"start":{"line":37,"column":4},"end":{"line":37,"column":53}},"8":{"start":{"line":37,"column":32},"end":{"line":37,"column":51}},"9":{"start":{"line":45,"column":4},"end":{"line":49,"column":8}},"10":{"start":{"line":45,"column":30},"end":{"line":49,"column":5}},"11":{"start":{"line":65,"column":0},"end":{"line":67,"column":1}},"12":{"start":{"line":66,"column":2},"end":{"line":66,"column":33}}},"fnMap":{"0":{"name":"(anonymous_0)","decl":{"start":{"line":8,"column":15},"end":{"line":8,"column":16}},"loc":{"start":{"line":8,"column":26},"end":{"line":16,"column":3}},"line":8},"1":{"name":"incrementCounter","decl":{"start":{"line":11,"column":13},"end":{"line":11,"column":29}},"loc":{"start":{"line":11,"column":32},"end":{"line":13,"column":5}},"line":11},"2":{"name":"(anonymous_2)","decl":{"start":{"line":20,"column":23},"end":{"line":20,"column":24}},"loc":{"start":{"line":20,"column":39},"end":{"line":24,"column":3}},"line":20},"3":{"name":"(anonymous_3)","decl":{"start":{"line":21,"column":21},"end":{"line":21,"column":22}},"loc":{"start":{"line":21,"column":35},"end":{"line":23,"column":5}},"line":21},"4":{"name":"(anonymous_4)","decl":{"start":{"line":26,"column":11},"end":{"line":26,"column":12}},"loc":{"start":{"line":26,"column":36},"end":{"line":32,"column":3}},"line":26},"5":{"name":"(anonymous_5)","decl":{"start":{"line":33,"column":14},"end":{"line":33,"column":15}},"loc":{"start":{"line":33,"column":42},"end":{"line":39,"column":3}},"line":33},"6":{"name":"(anonymous_6)","decl":{"start":{"line":37,"column":24},"end":{"line":37,"column":25}},"loc":{"start":{"line":37,"column":32},"end":{"line":37,"column":51}},"line":37},"7":{"name":"(anonymous_7)","decl":{"start":{"line":40,"column":12},"end":{"line":40,"column":13}},"loc":{"start":{"line":40,"column":38},"end":{"line":50,"column":3}},"line":40},"8":{"name":"(anonymous_8)","decl":{"start":{"line":45,"column":21},"end":{"line":45,"column":22}},"loc":{"start":{"line":45,"column":30},"end":{"line":49,"column":5}},"line":45},"9":{"name":"(anonymous_9)","decl":{"start":{"line":51,"column":13},"end":{"line":51,"column":14}},"loc":{"start":{"line":51,"column":43},"end":{"line":57,"column":3}},"line":51}},"branchMap":{"0":{"loc":{"start":{"line":48,"column":12},"end":{"line":48,"column":54}},"type":"cond-expr","locations":[{"start":{"line":48,"column":32},"end":{"line":48,"column":42}},{"start":{"line":48,"column":45},"end":{"line":48,"column":54}}],"line":48},"1":{"loc":{"start":{"line":65,"column":0},"end":{"line":67,"column":1}},"type":"if","locations":[{"start":{"line":65,"column":0},"end":{"line":67,"column":1}},{"start":{"line":65,"column":0},"end":{"line":67,"column":1}}],"line":65}},"s":{"0":1,"1":1,"2":0,"3":1,"4":1,"5":1,"6":1,"7":0,"8":0,"9":0,"10":0,"11":1,"12":1},"f":{"0":1,"1":0,"2":1,"3":1,"4":1,"5":0,"6":0,"7":0,"8":0,"9":0},"b":{"0":[0,0],"1":[1,0]},"_coverageSchema":"1a1c01bbd47fc00a2c39e90264f33305004495a9","hash":"17a5c0eacbdab8ae7445407f1fa7e1cb5b3bc6ca"}
}
