TN:
SF:skeleton/logic.js
FN:8,(anonymous_0)
FN:11,incrementCounter
FN:20,(anonymous_2)
FN:21,(anonymous_3)
FN:26,(anonymous_4)
FN:33,(anonymous_5)
FN:37,(anonymous_6)
FN:40,(anonymous_7)
FN:45,(anonymous_8)
FN:51,(anonymous_9)
FNF:10
FNH:4
FNDA:1,(anonymous_0)
FNDA:0,incrementCounter
FNDA:1,(anonymous_2)
FNDA:1,(anonymous_3)
FNDA:1,(anonymous_4)
FNDA:0,(anonymous_5)
FNDA:0,(anonymous_6)
FNDA:0,(anonymous_7)
FNDA:0,(anonymous_8)
FNDA:0,(anonymous_9)
DA:5,1
DA:9,1
DA:12,0
DA:15,1
DA:21,1
DA:22,1
DA:31,1
DA:37,0
DA:45,0
DA:65,1
DA:66,1
LF:11
LH:8
BRDA:48,0,0,0
BRDA:48,0,1,0
BRDA:65,1,0,1
BRDA:65,1,1,0
BRF:4
BRH:1
end_of_record
